2021-01-22 17:02:02,181 INFO  [Log] Test called: Testing the authentication has started 
2021-01-22 17:02:09,631 INFO  [Log] Navigating to http://automationpractice.com 
2021-01-22 17:02:14,147 INFO  [DefaultTestContextBootstrapper] Loaded default TestExecutionListener class names from location [META-INF/spring.factories]: [org.springframework.test.context.web.ServletTestExecutionListener, org.springframework.test.context.support.DirtiesContextBeforeModesTestExecutionListener, org.springframework.test.context.support.DependencyInjectionTestExecutionListener, org.springframework.test.context.support.DirtiesContextTestExecutionListener, org.springframework.test.context.transaction.TransactionalTestExecutionListener, org.springframework.test.context.jdbc.SqlScriptsTestExecutionListener] 
2021-01-22 17:02:14,148 INFO  [DefaultTestContextBootstrapper] Could not instantiate TestExecutionListener [org.springframework.test.context.web.ServletTestExecutionListener]. Specify custom listener classes or make the default listener classes (and their required dependencies) available. Offending class: [javax/servlet/ServletContext] 
2021-01-22 17:02:14,148 INFO  [DefaultTestContextBootstrapper] Could not instantiate TestExecutionListener [org.springframework.test.context.transaction.TransactionalTestExecutionListener]. Specify custom listener classes or make the default listener classes (and their required dependencies) available. Offending class: [org/springframework/transaction/interceptor/TransactionAttributeSource] 
2021-01-22 17:02:14,149 INFO  [DefaultTestContextBootstrapper] Could not instantiate TestExecutionListener [org.springframework.test.context.jdbc.SqlScriptsTestExecutionListener]. Specify custom listener classes or make the default listener classes (and their required dependencies) available. Offending class: [org/springframework/transaction/interceptor/TransactionAttribute] 
2021-01-22 17:02:14,149 INFO  [DefaultTestContextBootstrapper] Using TestExecutionListeners: [org.springframework.test.context.support.DirtiesContextBeforeModesTestExecutionListener@352ed70d, org.springframework.test.context.support.DependencyInjectionTestExecutionListener@70730db, org.springframework.test.context.support.DirtiesContextTestExecutionListener@5793b87] 
2021-01-22 17:02:14,149 INFO  [DefaultListableBeanFactory] Replacing scope 'cucumber-glue' from [cucumber.runtime.java.spring.GlueCodeScope@1852a3ff] to [cucumber.runtime.java.spring.GlueCodeScope@512575e9] 
2021-01-22 17:02:19,430 INFO  [Log] Test called: Testing the purchase of two items has started 
2022-10-02 22:54:18,966 INFO  [Log] Test called: Testing the authentication has started 
2022-10-02 22:54:24,512 INFO  [Log] INFO: Navigating to http://automationpractice.com 
2022-10-02 22:54:31,433 INFO  [DefaultTestContextBootstrapper] Loaded default TestExecutionListener class names from location [META-INF/spring.factories]: [org.springframework.test.context.web.ServletTestExecutionListener, org.springframework.test.context.support.DirtiesContextBeforeModesTestExecutionListener, org.springframework.test.context.support.DependencyInjectionTestExecutionListener, org.springframework.test.context.support.DirtiesContextTestExecutionListener, org.springframework.test.context.transaction.TransactionalTestExecutionListener, org.springframework.test.context.jdbc.SqlScriptsTestExecutionListener] 
2022-10-02 22:54:31,434 INFO  [DefaultTestContextBootstrapper] Could not instantiate TestExecutionListener [org.springframework.test.context.jdbc.SqlScriptsTestExecutionListener]. Specify custom listener classes or make the default listener classes (and their required dependencies) available. Offending class: [org/springframework/transaction/interceptor/TransactionAttribute] 
2022-10-02 22:54:31,434 INFO  [DefaultTestContextBootstrapper] Could not instantiate TestExecutionListener [org.springframework.test.context.transaction.TransactionalTestExecutionListener]. Specify custom listener classes or make the default listener classes (and their required dependencies) available. Offending class: [org/springframework/transaction/TransactionDefinition] 
2022-10-02 22:54:31,435 INFO  [DefaultTestContextBootstrapper] Could not instantiate TestExecutionListener [org.springframework.test.context.web.ServletTestExecutionListener]. Specify custom listener classes or make the default listener classes (and their required dependencies) available. Offending class: [javax/servlet/ServletContext] 
2022-10-02 22:54:31,435 INFO  [DefaultTestContextBootstrapper] Using TestExecutionListeners: [org.springframework.test.context.support.DirtiesContextBeforeModesTestExecutionListener@1280851e, org.springframework.test.context.support.DependencyInjectionTestExecutionListener@5e840abf, org.springframework.test.context.support.DirtiesContextTestExecutionListener@56de6d6b] 
2022-10-02 22:54:31,435 INFO  [DefaultListableBeanFactory] Replacing scope 'cucumber-glue' from [cucumber.runtime.java.spring.GlueCodeScope@7bba5817] to [cucumber.runtime.java.spring.GlueCodeScope@4fcc0416] 
2022-10-02 22:54:32,869 INFO  [Log] Test called: Testing the purchase of two items has started 
2022-10-02 22:54:40,976 INFO  [Log] INFO: Navigating to http://automationpractice.com 
2022-10-02 22:54:46,292 INFO  [GenericApplicationContext] Closing org.springframework.context.support.GenericApplicationContext@35047d03: startup date [Sun Oct 02 22:54:15 PDT 2022]; root of context hierarchy 
2022-10-02 22:57:28,792 INFO  [Log] Test called: Testing the authentication has started 
2022-10-02 22:57:32,938 INFO  [Log] INFO: Navigating to http://automationpractice.com 
2022-10-02 22:57:45,469 INFO  [DefaultTestContextBootstrapper] Loaded default TestExecutionListener class names from location [META-INF/spring.factories]: [org.springframework.test.context.web.ServletTestExecutionListener, org.springframework.test.context.support.DirtiesContextBeforeModesTestExecutionListener, org.springframework.test.context.support.DependencyInjectionTestExecutionListener, org.springframework.test.context.support.DirtiesContextTestExecutionListener, org.springframework.test.context.transaction.TransactionalTestExecutionListener, org.springframework.test.context.jdbc.SqlScriptsTestExecutionListener] 
2022-10-02 22:57:45,470 INFO  [DefaultTestContextBootstrapper] Could not instantiate TestExecutionListener [org.springframework.test.context.jdbc.SqlScriptsTestExecutionListener]. Specify custom listener classes or make the default listener classes (and their required dependencies) available. Offending class: [org/springframework/transaction/interceptor/TransactionAttribute] 
2022-10-02 22:57:45,470 INFO  [DefaultTestContextBootstrapper] Could not instantiate TestExecutionListener [org.springframework.test.context.transaction.TransactionalTestExecutionListener]. Specify custom listener classes or make the default listener classes (and their required dependencies) available. Offending class: [org/springframework/transaction/interceptor/TransactionAttributeSource] 
2022-10-02 22:57:45,470 INFO  [DefaultTestContextBootstrapper] Could not instantiate TestExecutionListener [org.springframework.test.context.web.ServletTestExecutionListener]. Specify custom listener classes or make the default listener classes (and their required dependencies) available. Offending class: [javax/servlet/ServletContext] 
2022-10-02 22:57:45,471 INFO  [DefaultTestContextBootstrapper] Using TestExecutionListeners: [org.springframework.test.context.support.DirtiesContextBeforeModesTestExecutionListener@1280851e, org.springframework.test.context.support.DependencyInjectionTestExecutionListener@5e840abf, org.springframework.test.context.support.DirtiesContextTestExecutionListener@56de6d6b] 
2022-10-02 22:57:45,471 INFO  [DefaultListableBeanFactory] Replacing scope 'cucumber-glue' from [cucumber.runtime.java.spring.GlueCodeScope@7bba5817] to [cucumber.runtime.java.spring.GlueCodeScope@4fcc0416] 
2022-10-02 22:57:46,930 INFO  [Log] Test called: Testing the purchase of two items has started 
2022-10-02 22:57:52,423 INFO  [Log] INFO: Navigating to http://automationpractice.com 
2022-10-02 22:58:31,323 INFO  [GenericApplicationContext] Closing org.springframework.context.support.GenericApplicationContext@35047d03: startup date [Sun Oct 02 22:57:26 PDT 2022]; root of context hierarchy 
